Arguments: 
  C:\Program Files\nodejs\node.exe C:\Users\HP\AppData\Roaming\npm\node_modules\yarn\bin\yarn.js add @types/react-lightgallery

PATH: 
  C:\WINDOWS\system32;C:\WINDOWS;C:\WINDOWS\System32\Wbem;C:\WINDOWS\System32\WindowsPowerShell\v1.0\;C:\Program Files\Git\cmd;C:\WINDOWS\System32\OpenSSH\;C:\Program Files\nodejs\;C:\Users\HP\AppData\Local\Microsoft\WindowsApps;;C:\Users\HP\AppData\Local\Programs\Microsoft VS Code\bin;C:\Users\HP\AppData\Roaming\npm

Yarn version: 
  1.22.17

Node version: 
  16.17.0

Platform: 
  win32 x64

Trace: 
  Error: https://registry.yarnpkg.com/@types%2freact-lightgallery: Not found
      at Request.params.callback [as _callback] (C:\Users\HP\AppData\Roaming\npm\node_modules\yarn\lib\cli.js:67029:18)
      at Request.self.callback (C:\Users\HP\AppData\Roaming\npm\node_modules\yarn\lib\cli.js:140883:22)
      at Request.emit (node:events:513:28)
      at Request.<anonymous> (C:\Users\HP\AppData\Roaming\npm\node_modules\yarn\lib\cli.js:141855:10)
      at Request.emit (node:events:513:28)
      at IncomingMessage.<anonymous> (C:\Users\HP\AppData\Roaming\npm\node_modules\yarn\lib\cli.js:141777:12)
      at Object.onceWrapper (node:events:627:28)
      at IncomingMessage.emit (node:events:525:35)
      at endReadableNT (node:internal/streams/readable:1358:12)
      at processTicksAndRejections (node:internal/process/task_queues:83:21)

npm manifest: 
  {
    "dependencies": {
      "react-lightgallery": "^0.9.0"
    }
  }

yarn manifest: 
  No manifest

Lockfile: 
  # THIS IS AN AUTOGENERATED FILE. DO NOT EDIT THIS FILE DIRECTLY.
  # yarn lockfile v1
  
  
  browser-or-node@^1.3.0:
    version "1.3.0"
    resolved "https://registry.yarnpkg.com/browser-or-node/-/browser-or-node-1.3.0.tgz#f2a4e8568f60263050a6714b2cc236bb976647a7"
    integrity sha512-0F2z/VSnLbmEeBcUrSuDH5l0HxTXdQQzLjkmBR4cYfvg1zJrKSlmIZFqyFR8oX0NrwPhy3c3HQ6i3OxMbew4Tg==
  
  hoist-non-react-statics@^3.3.2:
    version "3.3.2"
    resolved "https://registry.yarnpkg.com/hoist-non-react-statics/-/hoist-non-react-statics-3.3.2.tgz#ece0acaf71d62c2969c2ec59feff42a4b1a85b45"
    integrity sha512-/gGivxi8JPKWNm/W0jSmzcMPpfpPLc3dY/6GxhX2hQ9iGj3aDfklV4ET7NjKpSinLpJ5vafa9iiGIEZg10SfBw==
    dependencies:
      react-is "^16.7.0"
  
  "js-tokens@^3.0.0 || ^4.0.0":
    version "4.0.0"
    resolved "https://registry.yarnpkg.com/js-tokens/-/js-tokens-4.0.0.tgz#19203fb59991df98e3a287050d4647cdeaf32499"
    integrity sha512-RdJUflcE3cUzKiMqQgsCu06FPu9UdIJO0beYbPhHN4k6apgJtifcoCtT9bcxOpYBtpD2kCM6Sbzg4CausW/PKQ==
  
  lg-autoplay.js@^1.2.0:
    version "1.2.0"
    resolved "https://registry.yarnpkg.com/lg-autoplay.js/-/lg-autoplay.js-1.2.0.tgz#1024bfb8894a9600a27bb2867256f03da747c750"
    integrity sha512-B7KGZhaq69Kv+SGAKb7kmOT3E0CJBFTa3HnmQFSVjpn1tkWm7GtcDRXYtEDcjRSixFHN6M0X/uFji/4uYk6vpg==
  
  lg-fullscreen.js@^1.2.0:
    version "1.2.0"
    resolved "https://registry.yarnpkg.com/lg-fullscreen.js/-/lg-fullscreen.js-1.2.0.tgz#9283f1daaa7d53c5ffa9ed0604ec99053ea0b404"
    integrity sha512-cn4aOV4kuBAdtWJ7VcmmNfnIlNOF9pfa58Y708viZo9DrFQP3rDrwgx3fnol7GlBH+C/LwnGxy+bjaD4Abv3zg==
  
  lg-hash.js@^1.0.0:
    version "1.0.0"
    resolved "https://registry.yarnpkg.com/lg-hash.js/-/lg-hash.js-1.0.0.tgz#2dc56e1066c30211e37a4ec42e3293b2d99e7c62"
    integrity sha512-jQpYGfaz/dSKclxmb1J2kw5vjP6jL7wqKiN6hf2yR3Czyu+5vErbjxTME+k6RVhooizJpzcFj98oFWKx2B+Rgw==
  
  lg-pager.js@^1.0.0:
    version "1.0.0"
    resolved "https://registry.yarnpkg.com/lg-pager.js/-/lg-pager.js-1.0.0.tgz#62a5f07f9f976cae7cfdb1dbd3e208b6c12fc7ab"
    integrity sha512-3ctcouJNewQe38YwDZNfxUXOKarawqjZ0ZmV5xyzpcR/Fks87V2CQ8qo+/yJ5NY4AwGzX6+ZKbqEDwkfTV3nkg==
  
  lg-share.js@^1.3.0:
    version "1.3.0"
    resolved "https://registry.yarnpkg.com/lg-share.js/-/lg-share.js-1.3.0.tgz#5e2047236400743acd3325b189447cb9bb38901a"
    integrity sha512-5pnbiZ/LdBZiPhvVp/EAnod2yrBczN2YCqvM6f4TX4VbPe4b/9r0jJtvBvxOPMAxRNZrF3/WvOnHcFfvdSc4uA==
  
  lg-thumbnail.js@^1.2.0:
    version "1.2.0"
    resolved "https://registry.yarnpkg.com/lg-thumbnail.js/-/lg-thumbnail.js-1.2.0.tgz#863bda569ee868229a4f80152e4c026a4c47f686"
    integrity sha512-qmNFbjLv1spCf3sB8HRX9vW8UtKcgq7qJIg10jLqCozSquhTJwSPUb5vyPgl3cZpgLFjRMiOpIRgBjGrX4inNQ==
  
  lg-video.js@^1.2.0:
    version "1.3.0"
    resolved "https://registry.yarnpkg.com/lg-video.js/-/lg-video.js-1.3.0.tgz#cb3ffb06e949e5e8a21667ae33faf8d4bfe5e53e"
    integrity sha512-9P/oxBwHhEqHvPqnjxdQFihMw6AlIllHdOXUDAsr+t6D9u9Bcabsncavap6B8QeCVS+uU2wmgW9GFTfT5sg5Vg==
  
  lg-zoom.js@^1.2.0:
    version "1.3.0"
    resolved "https://registry.yarnpkg.com/lg-zoom.js/-/lg-zoom.js-1.3.0.tgz#0134c030d5f4f0bbc2b5a317bd47243b565bcb99"
    integrity sha512-qoI0gH+jWw58O6BhJdGWDY2LD4bymp5aEoyGoXhn/KzAcHV2o0RynPMcV0v3RGvpDottISr9Sa2cyAm2hAdxRQ==
  
  lightgallery.js@^1.2.0:
    version "1.4.0"
    resolved "https://registry.yarnpkg.com/lightgallery.js/-/lightgallery.js-1.4.0.tgz#f4b43b01b2acce43bd7e6d8dbcf1d5541cd2fb03"
    integrity sha512-TK7auNMSz0sPjotq/VtKH/fe8GPkVRlmFf8F3zVsbFccLJL4r3U1VON+IggyE8Wy04QwbFQxTIIMqL7blibGSA==
  
  lodash@^4.17.15:
    version "4.17.21"
    resolved "https://registry.yarnpkg.com/lodash/-/lodash-4.17.21.tgz#679591c564c3bffaae8454cf0b3df370c3d6911c"
    integrity sha512-v2kDEe57lecTulaDIuNTPy3Ry4gLGJ6Z1O3vE1krgXZNrsQ+LFTGHVxVjcXPs17LhbZVGedAJv8XZ1tvj5FvSg==
  
  loose-envify@^1.4.0:
    version "1.4.0"
    resolved "https://registry.yarnpkg.com/loose-envify/-/loose-envify-1.4.0.tgz#71ee51fa7be4caec1a63839f7e682d8132d30caf"
    integrity sha512-lyuxPGr/Wfhrlem2CL/UcnUc1zcqKAImBDzukY7Y5F/yQiNdko6+fRLevlw1HgMySw7f611UIY408EtxRSoK3Q==
    dependencies:
      js-tokens "^3.0.0 || ^4.0.0"
  
  object-assign@^4.1.1:
    version "4.1.1"
    resolved "https://registry.yarnpkg.com/object-assign/-/object-assign-4.1.1.tgz#2109adc7965887cfc05cbbd442cac8bfbb360863"
    integrity sha512-rJgTQnkUnH1sFw8yT6VSU3zD3sWmu6sZhIseY8VX+GRu3P6F7Fu+JNDoXfklElbLJSnc3FUQHVe4cU5hj+BcUg==
  
  prop-types@^15.7.2:
    version "15.8.1"
    resolved "https://registry.yarnpkg.com/prop-types/-/prop-types-15.8.1.tgz#67d87bf1a694f48435cf332c24af10214a3140b5"
    integrity sha512-oj87CgZICdulUohogVAR7AjlC0327U4el4L6eAvOqCeudMDVU0NThNaV+b9Df4dXgSP1gXMTnPdhfe/2qDH5cg==
    dependencies:
      loose-envify "^1.4.0"
      object-assign "^4.1.1"
      react-is "^16.13.1"
  
  react-is@^16.13.1, react-is@^16.7.0:
    version "16.13.1"
    resolved "https://registry.yarnpkg.com/react-is/-/react-is-16.13.1.tgz#789729a4dc36de2999dc156dd6c1d9c18cea56a4"
    integrity sha512-24e6ynE2H+OKt4kqsOvNd8kBpV65zoxbA4BVsEOB3ARVWQki/DHzaUoC5KuON/BiccDaCCTZBuOcfZs70kR8bQ==
  
  react-lightgallery@^0.9.0:
    version "0.9.0"
    resolved "https://registry.yarnpkg.com/react-lightgallery/-/react-lightgallery-0.9.0.tgz#9466295f467e9f5535431060d55cc211ef128754"
    integrity sha512-RgUPXBDu1wQT+BJ4jBAZ5qhSu35/Wx4ZzMBwDDE1gqQeBKHWZAvrljWJRw6cJYudG1cgOzKF2EHV+7+8rVzpLg==
    dependencies:
      browser-or-node "^1.3.0"
      hoist-non-react-statics "^3.3.2"
      lg-autoplay.js "^1.2.0"
      lg-fullscreen.js "^1.2.0"
      lg-hash.js "^1.0.0"
      lg-pager.js "^1.0.0"
      lg-share.js "^1.3.0"
      lg-thumbnail.js "^1.2.0"
      lg-video.js "^1.2.0"
      lg-zoom.js "^1.2.0"
      lightgallery.js "^1.2.0"
      lodash "^4.17.15"
      prop-types "^15.7.2"
      uniqid "^5.2.0"
  
  uniqid@^5.2.0:
    version "5.4.0"
    resolved "https://registry.yarnpkg.com/uniqid/-/uniqid-5.4.0.tgz#4e17bfcab66dfe33563411ae0c801f46ef964e66"
    integrity sha512-38JRbJ4Fj94VmnC7G/J/5n5SC7Ab46OM5iNtSstB/ko3l1b5g7ALt4qzHFgGciFkyiRNtDXtLNb+VsxtMSE77A==
